<?xml version="1.0" encoding="UTF-8"?>
<!-- Generated by org.testng.reporters.JUnitXMLReporter -->
<testsuite ignored="0" hostname="shreyapatil" failures="2" tests="2" name="Default test" time="17.381" errors="0" timestamp="2025-01-02T23:18:53 IST">
  <testcase classname="io.cucumber.testng.AbstractTestNGCucumberTests" name="runScenario" time="9.199">
    <failure type="java.lang.AssertionError" message="Bug: Paste functionality is enabled, password was pasted into the field.">
      <![CDATA[java.lang.AssertionError: Bug: Paste functionality is enabled, password was pasted into the field.
at org.testng.Assert.fail(Assert.java:111)
at com.testingShastra.stepdefinations.BddAmazonTestCases.verifyPasteFunctionality(BddAmazonTestCases.java:227)
at ✽.Verify is paste functionality working or not(file:///D:/Workspace/AmazonFrameworkDesign/src/test/resources/features/login.feature:88)
]]>
    </failure>
  </testcase> <!-- runScenario -->
  <testcase classname="io.cucumber.testng.AbstractTestNGCucumberTests" name="runScenario" time="7.53">
    <failure type="java.lang.AssertionError" message="Bug: Expected &amp;apos;No results for ...&amp;apos; but got results instead.">
      <![CDATA[java.lang.AssertionError: Bug: Expected 'No results for ...' but got results instead.
at org.testng.Assert.fail(Assert.java:111)
at com.testingShastra.stepdefinations.BddProductPage.verifynoResultMsg(BddProductPage.java:41)
at ✽.Verify no result message is displayed or not(file:///D:/Workspace/AmazonFrameworkDesign/src/test/resources/features/product_page.feature:6)
]]>
    </failure>
  </testcase> <!-- runScenario -->
</testsuite> <!-- Default test -->
